[+] Containers:
 |- [+] Container: /Game/FirstPerson/Maps/FirstPersonMap
 |   |- [+] ActorDescs:
 |   |   |- Guid:078420104F2ACDEDE62231AD64EAC8ED BaseClass: NativeClass:/Script/Engine.StaticMeshActor Name:StaticMeshActor_UAID_B025AA3A768150CF01_1463077833 Label:Viper_Gun_LowPoly_Barrel SpatiallyLoaded:1 Bounds:IsValid=true, Min=(X=5680.000 Y=1597.000 Z=2167.000), Max=(X=5680.000 Y=1597.000 Z=2167.000) RuntimeGrid:None EditorOnly:0 RuntimeOnly:0 HLODRelevant:0 ListedInSceneOutliner:1 IsMainWorldOnly:0
 |   |   |- Guid:12322DD64777323137CEA0B41468D825 BaseClass: NativeClass:/Script/Engine.StaticMeshActor Name:StaticMeshActor_UAID_D8BBC1215F692CCF01_1572454511 Label:Hospital_02_low_door0_SM005 SpatiallyLoaded:1 Bounds:IsValid=true, Min=(X=4627.952 Y=147.835 Z=786.027), Max=(X=4639.705 Y=259.815 Z=1030.203) RuntimeGrid:None EditorOnly:0 RuntimeOnly:0 HLODRelevant:1 ListedInSceneOutliner:1 IsMainWorldOnly:0 FolderPath:Hospital FolderGuid:5204D83D41E15664541782A249CD0BC1
 |   |   |- Guid:169C8ABA4CCEB4D953BDE99C95018568 BaseClass: NativeClass:/Script/Engine.StaticMeshActor Name:StaticMeshActor_UAID_B025AA3A768150CF01_1462992831 Label:Viper_Gun_LowPoly_Annoying_Circle_Part SpatiallyLoaded:1 Bounds:IsValid=true, Min=(X=5680.000 Y=1597.000 Z=2167.000), Max=(X=5680.000 Y=1597.000 Z=2167.000) RuntimeGrid:None EditorOnly:0 RuntimeOnly:0 HLODRelevant:0 ListedInSceneOutliner:1 IsMainWorldOnly:0
 |   |   |- Guid:17D95B3549EEC5711841BDAF1644FAD9 BaseClass: NativeClass:/Script/Engine.StaticMeshActor Name:StaticMeshActor_UAID_B025AA3A768150CF01_1463525847 Label:Viper_Gun_LowPoly_Trigger SpatiallyLoaded:1 Bounds:IsValid=true, Min=(X=5680.000 Y=1597.000 Z=2167.000), Max=(X=5680.000 Y=1597.000 Z=2167.000) RuntimeGrid:None EditorOnly:0 RuntimeOnly:0 HLODRelevant:0 ListedInSceneOutliner:1 IsMainWorldOnly:0
 |   |   |- Guid:1D6AC29947B9BF3C68FBC78609D055DF BaseClass: NativeClass:/Script/Engine.StaticMeshActor Name:StaticMeshActor_UAID_B025AA3A768151CF01_1631041028 Label:defaultMaterial1 SpatiallyLoaded:1 Bounds:IsValid=true, Min=(X=5549.471 Y=1620.514 Z=2132.550), Max=(X=5695.146 Y=1628.135 Z=2156.480) RuntimeGrid:None EditorOnly:0 RuntimeOnly:0 HLODRelevant:1 ListedInSceneOutliner:1 IsMainWorldOnly:0
 |   |   |- Guid:34930DFB437C6E6D09D9EA9E1FECB872 BaseClass: NativeClass:/Script/Engine.StaticMeshActor Name:StaticMeshActor_UAID_B025AA3A768150CF01_1463432844 Label:Viper_Gun_LowPoly_Right_Cylinder SpatiallyLoaded:1 Bounds:IsValid=true, Min=(X=5680.000 Y=1597.000 Z=2167.000), Max=(X=5680.000 Y=1597.000 Z=2167.000) RuntimeGrid:None EditorOnly:0 RuntimeOnly:0 HLODRelevant:0 ListedInSceneOutliner:1 IsMainWorldOnly:0
 |   |   |- Guid:42BEC72A4776E61646030E81EC43A6F8 BaseClass: NativeClass:/Script/Engine.StaticMeshActor Name:StaticMeshActor_UAID_D8BBC1215F692CCF01_1572280508 Label:Hospital_02_low_door0_SM002 SpatiallyLoaded:1 Bounds:IsValid=true, Min=(X=2008.309 Y=1345.220 Z=1301.136), Max=(X=2020.062 Y=1457.201 Z=1545.312) RuntimeGrid:None EditorOnly:0 RuntimeOnly:0 HLODRelevant:1 ListedInSceneOutliner:1 IsMainWorldOnly:0 FolderPath:Hospital FolderGuid:5204D83D41E15664541782A249CD0BC1
 |   |   |- Guid:52E595E149577D72B05A56B821183761 BaseClass: NativeClass:/Script/Engine.PlayerStart Name:PlayerStart_UAID_D8BBC1215F692DCF01_1920311694 Label:PlayerStart SpatiallyLoaded:0 Bounds:IsValid=true, Min=(X=5316.651 Y=1661.234 Z=2107.669), Max=(X=5396.651 Y=1741.234 Z=2291.669) RuntimeGrid:None EditorOnly:0 RuntimeOnly:0 HLODRelevant:0 ListedInSceneOutliner:1 IsMainWorldOnly:0 FolderPath:Other FolderGuid:99BADAF14F0AACD3D751F6933EC3889D
 |   |   |- Guid:5964383C43E8CB1FDC6042855A4D3674 BaseClass: NativeClass:/Script/Engine.StaticMeshActor Name:StaticMeshActor_UAID_D8BBC1215F692CCF01_1572138506 Label:Hospital_02_low_door0_SM SpatiallyLoaded:1 Bounds:IsValid=true, Min=(X=677.309 Y=1439.531 Z=1251.027), Max=(X=689.062 Y=1551.512 Z=1495.203) RuntimeGrid:None EditorOnly:0 RuntimeOnly:0 HLODRelevant:1 ListedInSceneOutliner:1 IsMainWorldOnly:0 FolderPath:Hospital FolderGuid:5204D83D41E15664541782A249CD0BC1
 |   |   |- Guid:5FE7584649BB6F09265329A6C57CFD0D BaseClass: NativeClass:/Script/Engine.VolumetricCloud Name:VolumetricCloud_0 Label:VolumetricCloud SpatiallyLoaded:0 Bounds:IsValid=true, Min=(X=0.000 Y=0.000 Z=820.000), Max=(X=0.000 Y=0.000 Z=820.000) RuntimeGrid:None EditorOnly:0 RuntimeOnly:0 HLODRelevant:0 ListedInSceneOutliner:1 IsMainWorldOnly:0 FolderPath:Lighting FolderGuid:0BA5F0A04EADB18E70D5B180D08FA34B
 |   |   |- Guid:61391D344900612A77DFC3BA3E354907 BaseClass: NativeClass:/Script/Engine.ExponentialHeightFog Name:ExponentialHeightFog_0 Label:ExponentialHeightFog SpatiallyLoaded:0 Bounds:IsValid=true, Min=(X=-5600.000 Y=-50.000 Z=-6850.000), Max=(X=-5600.000 Y=-50.000 Z=-6850.000) RuntimeGrid:None EditorOnly:0 RuntimeOnly:0 HLODRelevant:0 ListedInSceneOutliner:1 IsMainWorldOnly:0 FolderPath:Lighting FolderGuid:0BA5F0A04EADB18E70D5B180D08FA34B
 |   |   |- Guid:6803A8CA4C71799083524AB53C27089E BaseClass: NativeClass:/Script/Engine.StaticMeshActor Name:StaticMeshActor_UAID_D8BBC1215F692CCF01_1572578513 Label:Hospital_02_low_door3_SM001 SpatiallyLoaded:1 Bounds:IsValid=true, Min=(X=5552.495 Y=2363.387 Z=2084.912), Max=(X=5664.496 Y=2385.675 Z=2328.912) RuntimeGrid:None EditorOnly:0 RuntimeOnly:0 HLODRelevant:1 ListedInSceneOutliner:1 IsMainWorldOnly:0 FolderPath:Hospital FolderGuid:5204D83D41E15664541782A249CD0BC1
 |   |   |- Guid:6DAABCF34EEEEC5184E61B8464757E83 BaseClass: NativeClass:/Script/Engine.StaticMeshActor Name:StaticMeshActor_UAID_D8BBC1215F692CCF01_1572398510 Label:Hospital_02_low_door0_SM004 SpatiallyLoaded:1 Bounds:IsValid=true, Min=(X=4566.185 Y=746.015 Z=1300.027), Max=(X=4678.166 Y=757.769 Z=1544.203) RuntimeGrid:None EditorOnly:0 RuntimeOnly:0 HLODRelevant:1 ListedInSceneOutliner:1 IsMainWorldOnly:0 FolderPath:Hospital FolderGuid:5204D83D41E15664541782A249CD0BC1
 |   |   |- Guid:6DF764E643BADBE3B19F3B808BC0F2E8 BaseClass: NativeClass:/Script/Engine.StaticMeshActor Name:StaticMeshActor_UAID_D8BBC1215F692CCF01_1572511512 Label:Hospital_02_low_door3_SM SpatiallyLoaded:1 Bounds:IsValid=true, Min=(X=5441.797 Y=2363.387 Z=2084.912), Max=(X=5553.797 Y=2385.675 Z=2328.912) RuntimeGrid:None EditorOnly:0 RuntimeOnly:0 HLODRelevant:1 ListedInSceneOutliner:1 IsMainWorldOnly:0 FolderPath:Hospital FolderGuid:5204D83D41E15664541782A249CD0BC1
 |   |   |- Guid:6F5DF3AB43DD8C1CC5B6538956A8C1CA BaseClass: NativeClass:/Script/Engine.StaticMeshActor Name:StaticMeshActor_UAID_B025AA3A768150CF01_1463495846 Label:Viper_Gun_LowPoly_Smol_Barrel SpatiallyLoaded:1 Bounds:IsValid=true, Min=(X=5680.000 Y=1597.000 Z=2167.000), Max=(X=5680.000 Y=1597.000 Z=2167.000) RuntimeGrid:None EditorOnly:0 RuntimeOnly:0 HLODRelevant:0 ListedInSceneOutliner:1 IsMainWorldOnly:0
 |   |   |- Guid:6FEFB3BD4EB37B849EF0D4AC80F83855 BaseClass: NativeClass:/Script/Engine.WorldDataLayers Name:WorldDataLayers Label:WorldDataLayers SpatiallyLoaded:0 Bounds:Invalid RuntimeGrid:None EditorOnly:0 RuntimeOnly:0 HLODRelevant:0 ListedInSceneOutliner:1 IsMainWorldOnly:1 FolderPath:Other FolderGuid:99BADAF14F0AACD3D751F6933EC3889D
 |   |   |- Guid:7238A48443D929A23526C384687E0172 BaseClass: NativeClass:/Script/Engine.StaticMeshActor Name:StaticMeshActor_UAID_D8BBC1215F692CCF01_1572341509 Label:Hospital_02_low_door0_SM003 SpatiallyLoaded:1 Bounds:IsValid=true, Min=(X=2509.309 Y=2106.531 Z=1300.027), Max=(X=2521.062 Y=2218.512 Z=1544.203) RuntimeGrid:None EditorOnly:0 RuntimeOnly:0 HLODRelevant:1 ListedInSceneOutliner:1 IsMainWorldOnly:0 FolderPath:Hospital FolderGuid:5204D83D41E15664541782A249CD0BC1
 |   |   |- Guid:7469DC664E069F97AA382A9BDCF3D6CD BaseClass: NativeClass:/Script/Engine.StaticMeshActor Name:StaticMeshActor_UAID_D8BBC1215F692CCF01_1572742516 Label:Hospital_02_low_Hospital_02 SpatiallyLoaded:1 Bounds:IsValid=true, Min=(X=-298.954 Y=-1010.058 Z=656.912), Max=(X=7173.325 Y=2225.424 Z=2468.440) RuntimeGrid:None EditorOnly:0 RuntimeOnly:0 HLODRelevant:1 ListedInSceneOutliner:1 IsMainWorldOnly:0 FolderPath:Hospital FolderGuid:5204D83D41E15664541782A249CD0BC1
 |   |   |- Guid:759EE31F400CEF129F2B5CBBD3387F2A BaseClass: NativeClass:/Script/NavigationSystem.NavMeshBoundsVolume Name:NavMeshBoundsVolume_UAID_D8BBC1215F698AC401_1963711423 Label:NavMeshBoundsVolume SpatiallyLoaded:0 Bounds:IsValid=true, Min=(X=-1141.868 Y=-2704.549 Z=337.778), Max=(X=6396.763 Y=3533.234 Z=2681.556) RuntimeGrid:None EditorOnly:0 RuntimeOnly:0 HLODRelevant:0 ListedInSceneOutliner:1 IsMainWorldOnly:0 FolderPath:Other FolderGuid:99BADAF14F0AACD3D751F6933EC3889D
 |   |   |- Guid:793AE2C24000D66E0BAF94B36A0F5218 BaseClass: NativeClass:/Script/Engine.StaticMeshActor Name:StaticMeshActor_UAID_B025AA3A768150CF01_1463276839 Label:Viper_Gun_LowPoly_Iron_Sight_Cylinder SpatiallyLoaded:1 Bounds:IsValid=true, Min=(X=5680.000 Y=1597.000 Z=2167.000), Max=(X=5680.000 Y=1597.000 Z=2167.000) RuntimeGrid:None EditorOnly:0 RuntimeOnly:0 HLODRelevant:0 ListedInSceneOutliner:1 IsMainWorldOnly:0
 |   |   |- Guid:8F9BC63B450292D52BEFDD89112EC9B9 BaseClass: NativeClass:/Script/Engine.StaticMeshActor Name:StaticMeshActor_UAID_B025AA3A768150CF01_1463307840 Label:Viper_Gun_LowPoly_Left_Cylinder SpatiallyLoaded:1 Bounds:IsValid=true, Min=(X=5680.000 Y=1597.000 Z=2167.000), Max=(X=5680.000 Y=1597.000 Z=2167.000) RuntimeGrid:None EditorOnly:0 RuntimeOnly:0 HLODRelevant:0 ListedInSceneOutliner:1 IsMainWorldOnly:0
 |   |   |- Guid:986139DC4F1666665A6F72B5C7CF6D2A BaseClass: NativeClass:/Script/Engine.StaticMeshActor Name:StaticMeshActor_UAID_B025AA3A768150CF01_1463464845 Label:Viper_Gun_LowPoly_Right_Iron_Sight SpatiallyLoaded:1 Bounds:IsValid=true, Min=(X=5680.000 Y=1597.000 Z=2167.000), Max=(X=5680.000 Y=1597.000 Z=2167.000) RuntimeGrid:None EditorOnly:0 RuntimeOnly:0 HLODRelevant:0 ListedInSceneOutliner:1 IsMainWorldOnly:0
 |   |   |- Guid:A1AB1F7E4C036966ACEBCA96C95223D0 BaseClass: NativeClass:/Script/Engine.StaticMeshActor Name:StaticMeshActor_UAID_B025AA3A768150CF01_1463039832 Label:Viper_Gun_LowPoly_Back SpatiallyLoaded:1 Bounds:IsValid=true, Min=(X=5680.000 Y=1597.000 Z=2167.000), Max=(X=5680.000 Y=1597.000 Z=2167.000) RuntimeGrid:None EditorOnly:0 RuntimeOnly:0 HLODRelevant:0 ListedInSceneOutliner:1 IsMainWorldOnly:0
 |   |   |- Guid:A213C98949F407831F09D69639A2CCCF BaseClass: NativeClass:/Script/Engine.StaticMeshActor Name:StaticMeshActor_UAID_B025AA3A768150CF01_1463245838 Label:Viper_Gun_LowPoly_Handle SpatiallyLoaded:1 Bounds:IsValid=true, Min=(X=5680.000 Y=1597.000 Z=2167.000), Max=(X=5680.000 Y=1597.000 Z=2167.000) RuntimeGrid:None EditorOnly:0 RuntimeOnly:0 HLODRelevant:0 ListedInSceneOutliner:1 IsMainWorldOnly:0
 |   |   |- Guid:AFCB6BF94574572E963800A7783A6FFB BaseClass: NativeClass:/Script/NavigationSystem.RecastNavMesh Name:RecastNavMesh_UAID_D8BBC1215F692ECF01-Default Label:RecastNavMesh-Default SpatiallyLoaded:0 Bounds:IsValid=true, Min=(X=0.000 Y=0.000 Z=0.000), Max=(X=0.000 Y=0.000 Z=0.000) RuntimeGrid:None EditorOnly:0 RuntimeOnly:0 HLODRelevant:0 ListedInSceneOutliner:1 IsMainWorldOnly:0 FolderPath:Other FolderGuid:99BADAF14F0AACD3D751F6933EC3889D
 |   |   |- Guid:B0F916B74EFF21BE8E8601BBC1FFF63D BaseClass: NativeClass:/Script/Engine.StaticMeshActor Name:StaticMeshActor_UAID_D8BBC1215F692CCF01_1572687515 Label:Hospital_02_low_door5_SM SpatiallyLoaded:1 Bounds:IsValid=true, Min=(X=-1003.368 Y=1522.330 Z=1251.834), Max=(X=-978.166 Y=1634.733 Z=1496.006) RuntimeGrid:None EditorOnly:0 RuntimeOnly:0 HLODRelevant:1 ListedInSceneOutliner:1 IsMainWorldOnly:0 FolderPath:Hospital FolderGuid:5204D83D41E15664541782A249CD0BC1
 |   |   |- Guid:BA5FFCCB4034303F1A3962A1B2C33ED9 BaseClass: NativeClass:/Script/Engine.StaticMeshActor Name:StaticMeshActor_UAID_B025AA3A768150CF01_1463214837 Label:Viper_Gun_LowPoly_Front_Gold SpatiallyLoaded:1 Bounds:IsValid=true, Min=(X=5680.000 Y=1597.000 Z=2167.000), Max=(X=5680.000 Y=1597.000 Z=2167.000) RuntimeGrid:None EditorOnly:0 RuntimeOnly:0 HLODRelevant:0 ListedInSceneOutliner:1 IsMainWorldOnly:0
 |   |   |- Guid:BCE4FD6F497930D5D73AF5AAE8F8F1A6 BaseClass: NativeClass:/Script/Engine.StaticMeshActor Name:StaticMeshActor_UAID_B025AA3A768151CF01_1631010027 Label:defaultMaterial SpatiallyLoaded:1 Bounds:IsValid=true, Min=(X=5568.095 Y=1623.723 Z=2130.108), Max=(X=5695.324 Y=1629.009 Z=2156.007) RuntimeGrid:None EditorOnly:0 RuntimeOnly:0 HLODRelevant:1 ListedInSceneOutliner:1 IsMainWorldOnly:0
 |   |   |- Guid:C0C56B9644AE3D40CAFF6A878DB29844 BaseClass: NativeClass:/Script/Engine.StaticMeshActor Name:StaticMeshActor_UAID_A4AE111137DC5EFB00_2001720423 Label:SM_SkySphere SpatiallyLoaded:0 Bounds:IsValid=true, Min=(X=-1638400.000 Y=-1637367.000 Z=-1638400.000), Max=(X=1638400.000 Y=1639433.000 Z=1638400.000) RuntimeGrid:None EditorOnly:0 RuntimeOnly:0 HLODRelevant:1 ListedInSceneOutliner:1 IsMainWorldOnly:0 FolderPath:Lighting FolderGuid:0BA5F0A04EADB18E70D5B180D08FA34B
 |   |   |- Guid:C22CE07C4B87D685137FDBBC10FC92C6 BaseClass: NativeClass:/Script/Engine.SkyAtmosphere Name:SkyAtmosphere_0 Label:SkyAtmosphere SpatiallyLoaded:0 Bounds:IsValid=true, Min=(X=0.000 Y=0.000 Z=1020.000), Max=(X=0.000 Y=0.000 Z=1020.000) RuntimeGrid:None EditorOnly:0 RuntimeOnly:0 HLODRelevant:0 ListedInSceneOutliner:1 IsMainWorldOnly:0 FolderPath:Lighting FolderGuid:0BA5F0A04EADB18E70D5B180D08FA34B
 |   |   |- Guid:CE1BB0D94EEB135B23260E86245895A8 BaseClass: NativeClass:/Script/Engine.StaticMeshActor Name:StaticMeshActor_UAID_B025AA3A768150CF01_1463149835 Label:Viper_Gun_LowPoly_Chamber SpatiallyLoaded:1 Bounds:IsValid=true, Min=(X=5680.000 Y=1597.000 Z=2167.000), Max=(X=5680.000 Y=1597.000 Z=2167.000) RuntimeGrid:None EditorOnly:0 RuntimeOnly:0 HLODRelevant:0 ListedInSceneOutliner:1 IsMainWorldOnly:0
 |   |   |- Guid:CE54968B4FE5675660395B96025CF48F BaseClass: NativeClass:/Script/Engine.StaticMeshActor Name:StaticMeshActor_UAID_D8BBC1215F692CCF01_1572214507 Label:Hospital_02_low_door0_SM001 SpatiallyLoaded:1 Bounds:IsValid=true, Min=(X=2008.309 Y=1461.407 Z=1301.136), Max=(X=2020.062 Y=1573.388 Z=1545.312) RuntimeGrid:None EditorOnly:0 RuntimeOnly:0 HLODRelevant:1 ListedInSceneOutliner:1 IsMainWorldOnly:0 FolderPath:Hospital FolderGuid:5204D83D41E15664541782A249CD0BC1
 |   |   |- Guid:CE8D82634660FCDB3120E2B8D547C533 BaseClass: NativeClass:/Script/Engine.PostProcessVolume Name:PostProcessVolume_0 Label:PostProcessVolume SpatiallyLoaded:0 Bounds:IsValid=true, Min=(X=0.000 Y=0.000 Z=400.000), Max=(X=200.000 Y=200.000 Z=600.000) RuntimeGrid:None EditorOnly:0 RuntimeOnly:0 HLODRelevant:0 ListedInSceneOutliner:1 IsMainWorldOnly:0 FolderPath:Lighting FolderGuid:0BA5F0A04EADB18E70D5B180D08FA34B
 |   |   |- Guid:D4553C674F3E5C981441E9918FBFDE51 BaseClass:/Game/Door/Hospital_02_low_door0_SM001/Hospital_02_low_door0_SM001.Hospital_02_low_door0_SM001_C NativeClass:/Script/Engine.Actor Name:Hospital_02_low_door0_SM001_C_UAID_D8BBC1215F693DCF01_1082652488 Label:Hospital_02_low_door0_SM001 SpatiallyLoaded:1 Bounds:IsValid=true, Min=(X=1880.747 Y=1323.576 Z=1269.584), Max=(X=2065.117 Y=1587.359 Z=1551.969) RuntimeGrid:None EditorOnly:0 RuntimeOnly:0 HLODRelevant:0 ListedInSceneOutliner:1 IsMainWorldOnly:0
 |   |   |- Guid:D5DD49154E527C8A3E0404832A314816 BaseClass: NativeClass:/Script/Engine.StaticMeshActor Name:StaticMeshActor_UAID_B025AA3A768151CF01_1630975026 Label:defaultMaterial12 SpatiallyLoaded:1 Bounds:IsValid=true, Min=(X=5549.107 Y=1623.390 Z=2148.349), Max=(X=5649.431 Y=1629.398 Z=2156.990) RuntimeGrid:None EditorOnly:0 RuntimeOnly:0 HLODRelevant:1 ListedInSceneOutliner:1 IsMainWorldOnly:0
 |   |   |- Guid:DEA91C74465810FF5C4F94A6D126FA86 BaseClass:/Game/Door/MetalDoor/MetalDoor.MetalDoor_C NativeClass:/Script/Engine.Actor Name:MetalDoor_C_UAID_D8BBC1215F692FCF01_1950702023 Label:None SpatiallyLoaded:1 Bounds:IsValid=true, Min=(X=361.978 Y=1519.617 Z=1204.578), Max=(X=639.882 Y=1723.737 Z=1605.701) RuntimeGrid:None EditorOnly:0 RuntimeOnly:0 HLODRelevant:0 ListedInSceneOutliner:1 IsMainWorldOnly:0
 |   |   |- Guid:E0BADD0A447F497427AA85A51E843472 BaseClass: NativeClass:/Script/Engine.StaticMeshActor Name:StaticMeshActor_UAID_B025AA3A768150CF01_1463116834 Label:Viper_Gun_LowPoly_Bottom_Com SpatiallyLoaded:1 Bounds:IsValid=true, Min=(X=5680.000 Y=1597.000 Z=2167.000), Max=(X=5680.000 Y=1597.000 Z=2167.000) RuntimeGrid:None EditorOnly:0 RuntimeOnly:0 HLODRelevant:0 ListedInSceneOutliner:1 IsMainWorldOnly:0
 |   |   |- Guid:E5320C1B4FD9764CE7B54D8487AEC613 BaseClass: NativeClass:/Script/Engine.SkyLight Name:SkyLight_0 Label:SkyLight SpatiallyLoaded:0 Bounds:IsValid=true, Min=(X=0.000 Y=0.000 Z=690.000), Max=(X=0.000 Y=0.000 Z=690.000) RuntimeGrid:None EditorOnly:0 RuntimeOnly:0 HLODRelevant:0 ListedInSceneOutliner:1 IsMainWorldOnly:0 FolderPath:Lighting FolderGuid:0BA5F0A04EADB18E70D5B180D08FA34B
 |   |   |- Guid:E799C50C421C6ED7753875A33D043FDD BaseClass:/Game/CharacterNpc/NpcBP.NpcBP_C NativeClass:/Script/Engine.Character Name:NpcBP_C_UAID_D8BBC1215F698BC401_1131114607 Label:NpcBP SpatiallyLoaded:1 Bounds:IsValid=true, Min=(X=1853.653 Y=1087.873 Z=1253.844), Max=(X=1975.259 Y=1173.407 Z=1434.611) RuntimeGrid:None EditorOnly:0 RuntimeOnly:0 HLODRelevant:0 ListedInSceneOutliner:1 IsMainWorldOnly:0 FolderPath:Other FolderGuid:99BADAF14F0AACD3D751F6933EC3889D
 |   |   |- Guid:ED4217054E212449CBAE68B4152D1313 BaseClass: NativeClass:/Script/Engine.StaticMeshActor Name:StaticMeshActor_UAID_D8BBC1215F692CCF01_1572630514 Label:Hospital_02_low_door4_SM SpatiallyLoaded:1 Bounds:IsValid=true, Min=(X=5227.079 Y=2015.452 Z=2085.148), Max=(X=5257.292 Y=2129.492 Z=2329.618) RuntimeGrid:None EditorOnly:0 RuntimeOnly:0 HLODRelevant:1 ListedInSceneOutliner:1 IsMainWorldOnly:0 FolderPath:Hospital FolderGuid:5204D83D41E15664541782A249CD0BC1
 |   |   |- Guid:EE66F4454A4A9F99393F559AB739C05E BaseClass:/Game/FirstPerson/Blueprints/BP_Pickup_Rifle.BP_Pickup_Rifle_C NativeClass:/Script/Engine.Actor Name:BP_Rifle_C_1 Label:BP_Pickup_Rifle SpatiallyLoaded:1 Bounds:IsValid=true, Min=(X=-139341.845 Y=1672.000 Z=-6904.804), Max=(X=196705.840 Y=147807.447 Z=11704.109) RuntimeGrid:None EditorOnly:0 RuntimeOnly:0 HLODRelevant:0 ListedInSceneOutliner:1 IsMainWorldOnly:0 FolderPath:Other FolderGuid:99BADAF14F0AACD3D751F6933EC3889D
 |   |   |- Guid:F179E10D4E94A6BD96A682BE6C560B61 BaseClass: NativeClass:/Script/Engine.StaticMeshActor Name:StaticMeshActor_UAID_B025AA3A768150CF01_1463369842 Label:Viper_Gun_LowPoly_Main_Com SpatiallyLoaded:1 Bounds:IsValid=true, Min=(X=5680.000 Y=1597.000 Z=2167.000), Max=(X=5680.000 Y=1597.000 Z=2167.000) RuntimeGrid:None EditorOnly:0 RuntimeOnly:0 HLODRelevant:0 ListedInSceneOutliner:1 IsMainWorldOnly:0
 |   |   |- Guid:F7C5113E4C25458B870D74B39F194F5B BaseClass: NativeClass:/Script/Engine.StaticMeshActor Name:StaticMeshActor_UAID_B025AA3A768150CF01_1463401843 Label:Viper_Gun_LowPoly_Metal_Back SpatiallyLoaded:1 Bounds:IsValid=true, Min=(X=5680.000 Y=1597.000 Z=2167.000), Max=(X=5680.000 Y=1597.000 Z=2167.000) RuntimeGrid:None EditorOnly:0 RuntimeOnly:0 HLODRelevant:0 ListedInSceneOutliner:1 IsMainWorldOnly:0
 |   |   |- Guid:F80621C9446867154938FE81375207DA BaseClass: NativeClass:/Script/Engine.DirectionalLight Name:DirectionalLight_1 Label:DirectionalLight SpatiallyLoaded:0 Bounds:IsValid=true, Min=(X=-1048576.000 Y=-1048576.000 Z=-1048576.000), Max=(X=1048576.000 Y=1048576.000 Z=1048576.000) RuntimeGrid:None EditorOnly:0 RuntimeOnly:0 HLODRelevant:0 ListedInSceneOutliner:1 IsMainWorldOnly:0 FolderPath:Lighting FolderGuid:0BA5F0A04EADB18E70D5B180D08FA34B
 |   |   |- Guid:FB79BAD14294B05968AC0888E944B76E BaseClass: NativeClass:/Script/Engine.StaticMeshActor Name:StaticMeshActor_UAID_B025AA3A768150CF01_1463182836 Label:Viper_Gun_LowPoly_Flint SpatiallyLoaded:1 Bounds:IsValid=true, Min=(X=5680.000 Y=1597.000 Z=2167.000), Max=(X=5680.000 Y=1597.000 Z=2167.000) RuntimeGrid:None EditorOnly:0 RuntimeOnly:0 HLODRelevant:0 ListedInSceneOutliner:1 IsMainWorldOnly:0
 |   |   |- Guid:FCA390A5497E681CEB568FA6C8F60CD2 BaseClass: NativeClass:/Script/Engine.StaticMeshActor Name:StaticMeshActor_UAID_B025AA3A768150CF01_1463337841 Label:Viper_Gun_LowPoly_Left_Iron_Sight SpatiallyLoaded:1 Bounds:IsValid=true, Min=(X=5680.000 Y=1597.000 Z=2167.000), Max=(X=5680.000 Y=1597.000 Z=2167.000) RuntimeGrid:None EditorOnly:0 RuntimeOnly:0 HLODRelevant:0 ListedInSceneOutliner:1 IsMainWorldOnly:0
 |   |- [+] Clusters:
 |   |   |- [+] [  0]
 |   |   |   |- Guid:078420104F2ACDEDE62231AD64EAC8ED BaseClass: NativeClass:/Script/Engine.StaticMeshActor Name:StaticMeshActor_UAID_B025AA3A768150CF01_1463077833 Label:Viper_Gun_LowPoly_Barrel SpatiallyLoaded:1 Bounds:IsValid=true, Min=(X=5680.000 Y=1597.000 Z=2167.000), Max=(X=5680.000 Y=1597.000 Z=2167.000) RuntimeGrid:None EditorOnly:0 RuntimeOnly:0 HLODRelevant:0 ListedInSceneOutliner:1 IsMainWorldOnly:0
 |   |   |- [+] [  1]
 |   |   |   |- Guid:12322DD64777323137CEA0B41468D825 BaseClass: NativeClass:/Script/Engine.StaticMeshActor Name:StaticMeshActor_UAID_D8BBC1215F692CCF01_1572454511 Label:Hospital_02_low_door0_SM005 SpatiallyLoaded:1 Bounds:IsValid=true, Min=(X=4627.952 Y=147.835 Z=786.027), Max=(X=4639.705 Y=259.815 Z=1030.203) RuntimeGrid:None EditorOnly:0 RuntimeOnly:0 HLODRelevant:1 ListedInSceneOutliner:1 IsMainWorldOnly:0 FolderPath:Hospital FolderGuid:5204D83D41E15664541782A249CD0BC1
 |   |   |- [+] [  2]
 |   |   |   |- Guid:169C8ABA4CCEB4D953BDE99C95018568 BaseClass: NativeClass:/Script/Engine.StaticMeshActor Name:StaticMeshActor_UAID_B025AA3A768150CF01_1462992831 Label:Viper_Gun_LowPoly_Annoying_Circle_Part SpatiallyLoaded:1 Bounds:IsValid=true, Min=(X=5680.000 Y=1597.000 Z=2167.000), Max=(X=5680.000 Y=1597.000 Z=2167.000) RuntimeGrid:None EditorOnly:0 RuntimeOnly:0 HLODRelevant:0 ListedInSceneOutliner:1 IsMainWorldOnly:0
 |   |   |- [+] [  3]
 |   |   |   |- Guid:17D95B3549EEC5711841BDAF1644FAD9 BaseClass: NativeClass:/Script/Engine.StaticMeshActor Name:StaticMeshActor_UAID_B025AA3A768150CF01_1463525847 Label:Viper_Gun_LowPoly_Trigger SpatiallyLoaded:1 Bounds:IsValid=true, Min=(X=5680.000 Y=1597.000 Z=2167.000), Max=(X=5680.000 Y=1597.000 Z=2167.000) RuntimeGrid:None EditorOnly:0 RuntimeOnly:0 HLODRelevant:0 ListedInSceneOutliner:1 IsMainWorldOnly:0
 |   |   |- [+] [  4]
 |   |   |   |- Guid:1D6AC29947B9BF3C68FBC78609D055DF BaseClass: NativeClass:/Script/Engine.StaticMeshActor Name:StaticMeshActor_UAID_B025AA3A768151CF01_1631041028 Label:defaultMaterial1 SpatiallyLoaded:1 Bounds:IsValid=true, Min=(X=5549.471 Y=1620.514 Z=2132.550), Max=(X=5695.146 Y=1628.135 Z=2156.480) RuntimeGrid:None EditorOnly:0 RuntimeOnly:0 HLODRelevant:1 ListedInSceneOutliner:1 IsMainWorldOnly:0
 |   |   |- [+] [  5]
 |   |   |   |- Guid:34930DFB437C6E6D09D9EA9E1FECB872 BaseClass: NativeClass:/Script/Engine.StaticMeshActor Name:StaticMeshActor_UAID_B025AA3A768150CF01_1463432844 Label:Viper_Gun_LowPoly_Right_Cylinder SpatiallyLoaded:1 Bounds:IsValid=true, Min=(X=5680.000 Y=1597.000 Z=2167.000), Max=(X=5680.000 Y=1597.000 Z=2167.000) RuntimeGrid:None EditorOnly:0 RuntimeOnly:0 HLODRelevant:0 ListedInSceneOutliner:1 IsMainWorldOnly:0
 |   |   |- [+] [  6]
 |   |   |   |- Guid:42BEC72A4776E61646030E81EC43A6F8 BaseClass: NativeClass:/Script/Engine.StaticMeshActor Name:StaticMeshActor_UAID_D8BBC1215F692CCF01_1572280508 Label:Hospital_02_low_door0_SM002 SpatiallyLoaded:1 Bounds:IsValid=true, Min=(X=2008.309 Y=1345.220 Z=1301.136), Max=(X=2020.062 Y=1457.201 Z=1545.312) RuntimeGrid:None EditorOnly:0 RuntimeOnly:0 HLODRelevant:1 ListedInSceneOutliner:1 IsMainWorldOnly:0 FolderPath:Hospital FolderGuid:5204D83D41E15664541782A249CD0BC1
 |   |   |- [+] [  7]
 |   |   |   |- Guid:52E595E149577D72B05A56B821183761 BaseClass: NativeClass:/Script/Engine.PlayerStart Name:PlayerStart_UAID_D8BBC1215F692DCF01_1920311694 Label:PlayerStart SpatiallyLoaded:0 Bounds:IsValid=true, Min=(X=5316.651 Y=1661.234 Z=2107.669), Max=(X=5396.651 Y=1741.234 Z=2291.669) RuntimeGrid:None EditorOnly:0 RuntimeOnly:0 HLODRelevant:0 ListedInSceneOutliner:1 IsMainWorldOnly:0 FolderPath:Other FolderGuid:99BADAF14F0AACD3D751F6933EC3889D
 |   |   |- [+] [  8]
 |   |   |   |- Guid:5964383C43E8CB1FDC6042855A4D3674 BaseClass: NativeClass:/Script/Engine.StaticMeshActor Name:StaticMeshActor_UAID_D8BBC1215F692CCF01_1572138506 Label:Hospital_02_low_door0_SM SpatiallyLoaded:1 Bounds:IsValid=true, Min=(X=677.309 Y=1439.531 Z=1251.027), Max=(X=689.062 Y=1551.512 Z=1495.203) RuntimeGrid:None EditorOnly:0 RuntimeOnly:0 HLODRelevant:1 ListedInSceneOutliner:1 IsMainWorldOnly:0 FolderPath:Hospital FolderGuid:5204D83D41E15664541782A249CD0BC1
 |   |   |- [+] [  9]
 |   |   |   |- Guid:5FE7584649BB6F09265329A6C57CFD0D BaseClass: NativeClass:/Script/Engine.VolumetricCloud Name:VolumetricCloud_0 Label:VolumetricCloud SpatiallyLoaded:0 Bounds:IsValid=true, Min=(X=0.000 Y=0.000 Z=820.000), Max=(X=0.000 Y=0.000 Z=820.000) RuntimeGrid:None EditorOnly:0 RuntimeOnly:0 HLODRelevant:0 ListedInSceneOutliner:1 IsMainWorldOnly:0 FolderPath:Lighting FolderGuid:0BA5F0A04EADB18E70D5B180D08FA34B
 |   |   |- [+] [ 10]
 |   |   |   |- Guid:61391D344900612A77DFC3BA3E354907 BaseClass: NativeClass:/Script/Engine.ExponentialHeightFog Name:ExponentialHeightFog_0 Label:ExponentialHeightFog SpatiallyLoaded:0 Bounds:IsValid=true, Min=(X=-5600.000 Y=-50.000 Z=-6850.000), Max=(X=-5600.000 Y=-50.000 Z=-6850.000) RuntimeGrid:None EditorOnly:0 RuntimeOnly:0 HLODRelevant:0 ListedInSceneOutliner:1 IsMainWorldOnly:0 FolderPath:Lighting FolderGuid:0BA5F0A04EADB18E70D5B180D08FA34B
 |   |   |- [+] [ 11]
 |   |   |   |- Guid:6803A8CA4C71799083524AB53C27089E BaseClass: NativeClass:/Script/Engine.StaticMeshActor Name:StaticMeshActor_UAID_D8BBC1215F692CCF01_1572578513 Label:Hospital_02_low_door3_SM001 SpatiallyLoaded:1 Bounds:IsValid=true, Min=(X=5552.495 Y=2363.387 Z=2084.912), Max=(X=5664.496 Y=2385.675 Z=2328.912) RuntimeGrid:None EditorOnly:0 RuntimeOnly:0 HLODRelevant:1 ListedInSceneOutliner:1 IsMainWorldOnly:0 FolderPath:Hospital FolderGuid:5204D83D41E15664541782A249CD0BC1
 |   |   |- [+] [ 12]
 |   |   |   |- Guid:6DAABCF34EEEEC5184E61B8464757E83 BaseClass: NativeClass:/Script/Engine.StaticMeshActor Name:StaticMeshActor_UAID_D8BBC1215F692CCF01_1572398510 Label:Hospital_02_low_door0_SM004 SpatiallyLoaded:1 Bounds:IsValid=true, Min=(X=4566.185 Y=746.015 Z=1300.027), Max=(X=4678.166 Y=757.769 Z=1544.203) RuntimeGrid:None EditorOnly:0 RuntimeOnly:0 HLODRelevant:1 ListedInSceneOutliner:1 IsMainWorldOnly:0 FolderPath:Hospital FolderGuid:5204D83D41E15664541782A249CD0BC1
 |   |   |- [+] [ 13]
 |   |   |   |- Guid:6DF764E643BADBE3B19F3B808BC0F2E8 BaseClass: NativeClass:/Script/Engine.StaticMeshActor Name:StaticMeshActor_UAID_D8BBC1215F692CCF01_1572511512 Label:Hospital_02_low_door3_SM SpatiallyLoaded:1 Bounds:IsValid=true, Min=(X=5441.797 Y=2363.387 Z=2084.912), Max=(X=5553.797 Y=2385.675 Z=2328.912) RuntimeGrid:None EditorOnly:0 RuntimeOnly:0 HLODRelevant:1 ListedInSceneOutliner:1 IsMainWorldOnly:0 FolderPath:Hospital FolderGuid:5204D83D41E15664541782A249CD0BC1
 |   |   |- [+] [ 14]
 |   |   |   |- Guid:6F5DF3AB43DD8C1CC5B6538956A8C1CA BaseClass: NativeClass:/Script/Engine.StaticMeshActor Name:StaticMeshActor_UAID_B025AA3A768150CF01_1463495846 Label:Viper_Gun_LowPoly_Smol_Barrel SpatiallyLoaded:1 Bounds:IsValid=true, Min=(X=5680.000 Y=1597.000 Z=2167.000), Max=(X=5680.000 Y=1597.000 Z=2167.000) RuntimeGrid:None EditorOnly:0 RuntimeOnly:0 HLODRelevant:0 ListedInSceneOutliner:1 IsMainWorldOnly:0
 |   |   |- [+] [ 15]
 |   |   |   |- Guid:6FEFB3BD4EB37B849EF0D4AC80F83855 BaseClass: NativeClass:/Script/Engine.WorldDataLayers Name:WorldDataLayers Label:WorldDataLayers SpatiallyLoaded:0 Bounds:Invalid RuntimeGrid:None EditorOnly:0 RuntimeOnly:0 HLODRelevant:0 ListedInSceneOutliner:1 IsMainWorldOnly:1 FolderPath:Other FolderGuid:99BADAF14F0AACD3D751F6933EC3889D
 |   |   |- [+] [ 16]
 |   |   |   |- Guid:7238A48443D929A23526C384687E0172 BaseClass: NativeClass:/Script/Engine.StaticMeshActor Name:StaticMeshActor_UAID_D8BBC1215F692CCF01_1572341509 Label:Hospital_02_low_door0_SM003 SpatiallyLoaded:1 Bounds:IsValid=true, Min=(X=2509.309 Y=2106.531 Z=1300.027), Max=(X=2521.062 Y=2218.512 Z=1544.203) RuntimeGrid:None EditorOnly:0 RuntimeOnly:0 HLODRelevant:1 ListedInSceneOutliner:1 IsMainWorldOnly:0 FolderPath:Hospital FolderGuid:5204D83D41E15664541782A249CD0BC1
 |   |   |- [+] [ 17]
 |   |   |   |- Guid:7469DC664E069F97AA382A9BDCF3D6CD BaseClass: NativeClass:/Script/Engine.StaticMeshActor Name:StaticMeshActor_UAID_D8BBC1215F692CCF01_1572742516 Label:Hospital_02_low_Hospital_02 SpatiallyLoaded:1 Bounds:IsValid=true, Min=(X=-298.954 Y=-1010.058 Z=656.912), Max=(X=7173.325 Y=2225.424 Z=2468.440) RuntimeGrid:None EditorOnly:0 RuntimeOnly:0 HLODRelevant:1 ListedInSceneOutliner:1 IsMainWorldOnly:0 FolderPath:Hospital FolderGuid:5204D83D41E15664541782A249CD0BC1
 |   |   |- [+] [ 18]
 |   |   |   |- Guid:759EE31F400CEF129F2B5CBBD3387F2A BaseClass: NativeClass:/Script/NavigationSystem.NavMeshBoundsVolume Name:NavMeshBoundsVolume_UAID_D8BBC1215F698AC401_1963711423 Label:NavMeshBoundsVolume SpatiallyLoaded:0 Bounds:IsValid=true, Min=(X=-1141.868 Y=-2704.549 Z=337.778), Max=(X=6396.763 Y=3533.234 Z=2681.556) RuntimeGrid:None EditorOnly:0 RuntimeOnly:0 HLODRelevant:0 ListedInSceneOutliner:1 IsMainWorldOnly:0 FolderPath:Other FolderGuid:99BADAF14F0AACD3D751F6933EC3889D
 |   |   |- [+] [ 19]
 |   |   |   |- Guid:793AE2C24000D66E0BAF94B36A0F5218 BaseClass: NativeClass:/Script/Engine.StaticMeshActor Name:StaticMeshActor_UAID_B025AA3A768150CF01_1463276839 Label:Viper_Gun_LowPoly_Iron_Sight_Cylinder SpatiallyLoaded:1 Bounds:IsValid=true, Min=(X=5680.000 Y=1597.000 Z=2167.000), Max=(X=5680.000 Y=1597.000 Z=2167.000) RuntimeGrid:None EditorOnly:0 RuntimeOnly:0 HLODRelevant:0 ListedInSceneOutliner:1 IsMainWorldOnly:0
 |   |   |- [+] [ 20]
 |   |   |   |- Guid:8F9BC63B450292D52BEFDD89112EC9B9 BaseClass: NativeClass:/Script/Engine.StaticMeshActor Name:StaticMeshActor_UAID_B025AA3A768150CF01_1463307840 Label:Viper_Gun_LowPoly_Left_Cylinder SpatiallyLoaded:1 Bounds:IsValid=true, Min=(X=5680.000 Y=1597.000 Z=2167.000), Max=(X=5680.000 Y=1597.000 Z=2167.000) RuntimeGrid:None EditorOnly:0 RuntimeOnly:0 HLODRelevant:0 ListedInSceneOutliner:1 IsMainWorldOnly:0
 |   |   |- [+] [ 21]
 |   |   |   |- Guid:986139DC4F1666665A6F72B5C7CF6D2A BaseClass: NativeClass:/Script/Engine.StaticMeshActor Name:StaticMeshActor_UAID_B025AA3A768150CF01_1463464845 Label:Viper_Gun_LowPoly_Right_Iron_Sight SpatiallyLoaded:1 Bounds:IsValid=true, Min=(X=5680.000 Y=1597.000 Z=2167.000), Max=(X=5680.000 Y=1597.000 Z=2167.000) RuntimeGrid:None EditorOnly:0 RuntimeOnly:0 HLODRelevant:0 ListedInSceneOutliner:1 IsMainWorldOnly:0
 |   |   |- [+] [ 22]
 |   |   |   |- Guid:A1AB1F7E4C036966ACEBCA96C95223D0 BaseClass: NativeClass:/Script/Engine.StaticMeshActor Name:StaticMeshActor_UAID_B025AA3A768150CF01_1463039832 Label:Viper_Gun_LowPoly_Back SpatiallyLoaded:1 Bounds:IsValid=true, Min=(X=5680.000 Y=1597.000 Z=2167.000), Max=(X=5680.000 Y=1597.000 Z=2167.000) RuntimeGrid:None EditorOnly:0 RuntimeOnly:0 HLODRelevant:0 ListedInSceneOutliner:1 IsMainWorldOnly:0
 |   |   |- [+] [ 23]
 |   |   |   |- Guid:A213C98949F407831F09D69639A2CCCF BaseClass: NativeClass:/Script/Engine.StaticMeshActor Name:StaticMeshActor_UAID_B025AA3A768150CF01_1463245838 Label:Viper_Gun_LowPoly_Handle SpatiallyLoaded:1 Bounds:IsValid=true, Min=(X=5680.000 Y=1597.000 Z=2167.000), Max=(X=5680.000 Y=1597.000 Z=2167.000) RuntimeGrid:None EditorOnly:0 RuntimeOnly:0 HLODRelevant:0 ListedInSceneOutliner:1 IsMainWorldOnly:0
 |   |   |- [+] [ 24]
 |   |   |   |- Guid:AFCB6BF94574572E963800A7783A6FFB BaseClass: NativeClass:/Script/NavigationSystem.RecastNavMesh Name:RecastNavMesh_UAID_D8BBC1215F692ECF01-Default Label:RecastNavMesh-Default SpatiallyLoaded:0 Bounds:IsValid=true, Min=(X=0.000 Y=0.000 Z=0.000), Max=(X=0.000 Y=0.000 Z=0.000) RuntimeGrid:None EditorOnly:0 RuntimeOnly:0 HLODRelevant:0 ListedInSceneOutliner:1 IsMainWorldOnly:0 FolderPath:Other FolderGuid:99BADAF14F0AACD3D751F6933EC3889D
 |   |   |- [+] [ 25]
 |   |   |   |- Guid:B0F916B74EFF21BE8E8601BBC1FFF63D BaseClass: NativeClass:/Script/Engine.StaticMeshActor Name:StaticMeshActor_UAID_D8BBC1215F692CCF01_1572687515 Label:Hospital_02_low_door5_SM SpatiallyLoaded:1 Bounds:IsValid=true, Min=(X=-1003.368 Y=1522.330 Z=1251.834), Max=(X=-978.166 Y=1634.733 Z=1496.006) RuntimeGrid:None EditorOnly:0 RuntimeOnly:0 HLODRelevant:1 ListedInSceneOutliner:1 IsMainWorldOnly:0 FolderPath:Hospital FolderGuid:5204D83D41E15664541782A249CD0BC1
 |   |   |- [+] [ 26]
 |   |   |   |- Guid:BA5FFCCB4034303F1A3962A1B2C33ED9 BaseClass: NativeClass:/Script/Engine.StaticMeshActor Name:StaticMeshActor_UAID_B025AA3A768150CF01_1463214837 Label:Viper_Gun_LowPoly_Front_Gold SpatiallyLoaded:1 Bounds:IsValid=true, Min=(X=5680.000 Y=1597.000 Z=2167.000), Max=(X=5680.000 Y=1597.000 Z=2167.000) RuntimeGrid:None EditorOnly:0 RuntimeOnly:0 HLODRelevant:0 ListedInSceneOutliner:1 IsMainWorldOnly:0
 |   |   |- [+] [ 27]
 |   |   |   |- Guid:BCE4FD6F497930D5D73AF5AAE8F8F1A6 BaseClass: NativeClass:/Script/Engine.StaticMeshActor Name:StaticMeshActor_UAID_B025AA3A768151CF01_1631010027 Label:defaultMaterial SpatiallyLoaded:1 Bounds:IsValid=true, Min=(X=5568.095 Y=1623.723 Z=2130.108), Max=(X=5695.324 Y=1629.009 Z=2156.007) RuntimeGrid:None EditorOnly:0 RuntimeOnly:0 HLODRelevant:1 ListedInSceneOutliner:1 IsMainWorldOnly:0
 |   |   |- [+] [ 28]
 |   |   |   |- Guid:C0C56B9644AE3D40CAFF6A878DB29844 BaseClass: NativeClass:/Script/Engine.StaticMeshActor Name:StaticMeshActor_UAID_A4AE111137DC5EFB00_2001720423 Label:SM_SkySphere SpatiallyLoaded:0 Bounds:IsValid=true, Min=(X=-1638400.000 Y=-1637367.000 Z=-1638400.000), Max=(X=1638400.000 Y=1639433.000 Z=1638400.000) RuntimeGrid:None EditorOnly:0 RuntimeOnly:0 HLODRelevant:1 ListedInSceneOutliner:1 IsMainWorldOnly:0 FolderPath:Lighting FolderGuid:0BA5F0A04EADB18E70D5B180D08FA34B
 |   |   |- [+] [ 29]
 |   |   |   |- Guid:C22CE07C4B87D685137FDBBC10FC92C6 BaseClass: NativeClass:/Script/Engine.SkyAtmosphere Name:SkyAtmosphere_0 Label:SkyAtmosphere SpatiallyLoaded:0 Bounds:IsValid=true, Min=(X=0.000 Y=0.000 Z=1020.000), Max=(X=0.000 Y=0.000 Z=1020.000) RuntimeGrid:None EditorOnly:0 RuntimeOnly:0 HLODRelevant:0 ListedInSceneOutliner:1 IsMainWorldOnly:0 FolderPath:Lighting FolderGuid:0BA5F0A04EADB18E70D5B180D08FA34B
 |   |   |- [+] [ 30]
 |   |   |   |- Guid:CE1BB0D94EEB135B23260E86245895A8 BaseClass: NativeClass:/Script/Engine.StaticMeshActor Name:StaticMeshActor_UAID_B025AA3A768150CF01_1463149835 Label:Viper_Gun_LowPoly_Chamber SpatiallyLoaded:1 Bounds:IsValid=true, Min=(X=5680.000 Y=1597.000 Z=2167.000), Max=(X=5680.000 Y=1597.000 Z=2167.000) RuntimeGrid:None EditorOnly:0 RuntimeOnly:0 HLODRelevant:0 ListedInSceneOutliner:1 IsMainWorldOnly:0
 |   |   |- [+] [ 31]
 |   |   |   |- Guid:CE54968B4FE5675660395B96025CF48F BaseClass: NativeClass:/Script/Engine.StaticMeshActor Name:StaticMeshActor_UAID_D8BBC1215F692CCF01_1572214507 Label:Hospital_02_low_door0_SM001 SpatiallyLoaded:1 Bounds:IsValid=true, Min=(X=2008.309 Y=1461.407 Z=1301.136), Max=(X=2020.062 Y=1573.388 Z=1545.312) RuntimeGrid:None EditorOnly:0 RuntimeOnly:0 HLODRelevant:1 ListedInSceneOutliner:1 IsMainWorldOnly:0 FolderPath:Hospital FolderGuid:5204D83D41E15664541782A249CD0BC1
 |   |   |- [+] [ 32]
 |   |   |   |- Guid:CE8D82634660FCDB3120E2B8D547C533 BaseClass: NativeClass:/Script/Engine.PostProcessVolume Name:PostProcessVolume_0 Label:PostProcessVolume SpatiallyLoaded:0 Bounds:IsValid=true, Min=(X=0.000 Y=0.000 Z=400.000), Max=(X=200.000 Y=200.000 Z=600.000) RuntimeGrid:None EditorOnly:0 RuntimeOnly:0 HLODRelevant:0 ListedInSceneOutliner:1 IsMainWorldOnly:0 FolderPath:Lighting FolderGuid:0BA5F0A04EADB18E70D5B180D08FA34B
 |   |   |- [+] [ 33]
 |   |   |   |- Guid:D4553C674F3E5C981441E9918FBFDE51 BaseClass:/Game/Door/Hospital_02_low_door0_SM001/Hospital_02_low_door0_SM001.Hospital_02_low_door0_SM001_C NativeClass:/Script/Engine.Actor Name:Hospital_02_low_door0_SM001_C_UAID_D8BBC1215F693DCF01_1082652488 Label:Hospital_02_low_door0_SM001 SpatiallyLoaded:1 Bounds:IsValid=true, Min=(X=1880.747 Y=1323.576 Z=1269.584), Max=(X=2065.117 Y=1587.359 Z=1551.969) RuntimeGrid:None EditorOnly:0 RuntimeOnly:0 HLODRelevant:0 ListedInSceneOutliner:1 IsMainWorldOnly:0
 |   |   |- [+] [ 34]
 |   |   |   |- Guid:D5DD49154E527C8A3E0404832A314816 BaseClass: NativeClass:/Script/Engine.StaticMeshActor Name:StaticMeshActor_UAID_B025AA3A768151CF01_1630975026 Label:defaultMaterial12 SpatiallyLoaded:1 Bounds:IsValid=true, Min=(X=5549.107 Y=1623.390 Z=2148.349), Max=(X=5649.431 Y=1629.398 Z=2156.990) RuntimeGrid:None EditorOnly:0 RuntimeOnly:0 HLODRelevant:1 ListedInSceneOutliner:1 IsMainWorldOnly:0
 |   |   |- [+] [ 35]
 |   |   |   |- Guid:DEA91C74465810FF5C4F94A6D126FA86 BaseClass:/Game/Door/MetalDoor/MetalDoor.MetalDoor_C NativeClass:/Script/Engine.Actor Name:MetalDoor_C_UAID_D8BBC1215F692FCF01_1950702023 Label:None SpatiallyLoaded:1 Bounds:IsValid=true, Min=(X=361.978 Y=1519.617 Z=1204.578), Max=(X=639.882 Y=1723.737 Z=1605.701) RuntimeGrid:None EditorOnly:0 RuntimeOnly:0 HLODRelevant:0 ListedInSceneOutliner:1 IsMainWorldOnly:0
 |   |   |- [+] [ 36]
 |   |   |   |- Guid:E0BADD0A447F497427AA85A51E843472 BaseClass: NativeClass:/Script/Engine.StaticMeshActor Name:StaticMeshActor_UAID_B025AA3A768150CF01_1463116834 Label:Viper_Gun_LowPoly_Bottom_Com SpatiallyLoaded:1 Bounds:IsValid=true, Min=(X=5680.000 Y=1597.000 Z=2167.000), Max=(X=5680.000 Y=1597.000 Z=2167.000) RuntimeGrid:None EditorOnly:0 RuntimeOnly:0 HLODRelevant:0 ListedInSceneOutliner:1 IsMainWorldOnly:0
 |   |   |- [+] [ 37]
 |   |   |   |- Guid:E5320C1B4FD9764CE7B54D8487AEC613 BaseClass: NativeClass:/Script/Engine.SkyLight Name:SkyLight_0 Label:SkyLight SpatiallyLoaded:0 Bounds:IsValid=true, Min=(X=0.000 Y=0.000 Z=690.000), Max=(X=0.000 Y=0.000 Z=690.000) RuntimeGrid:None EditorOnly:0 RuntimeOnly:0 HLODRelevant:0 ListedInSceneOutliner:1 IsMainWorldOnly:0 FolderPath:Lighting FolderGuid:0BA5F0A04EADB18E70D5B180D08FA34B
 |   |   |- [+] [ 38]
 |   |   |   |- Guid:E799C50C421C6ED7753875A33D043FDD BaseClass:/Game/CharacterNpc/NpcBP.NpcBP_C NativeClass:/Script/Engine.Character Name:NpcBP_C_UAID_D8BBC1215F698BC401_1131114607 Label:NpcBP SpatiallyLoaded:1 Bounds:IsValid=true, Min=(X=1853.653 Y=1087.873 Z=1253.844), Max=(X=1975.259 Y=1173.407 Z=1434.611) RuntimeGrid:None EditorOnly:0 RuntimeOnly:0 HLODRelevant:0 ListedInSceneOutliner:1 IsMainWorldOnly:0 FolderPath:Other FolderGuid:99BADAF14F0AACD3D751F6933EC3889D
 |   |   |- [+] [ 39]
 |   |   |   |- Guid:ED4217054E212449CBAE68B4152D1313 BaseClass: NativeClass:/Script/Engine.StaticMeshActor Name:StaticMeshActor_UAID_D8BBC1215F692CCF01_1572630514 Label:Hospital_02_low_door4_SM SpatiallyLoaded:1 Bounds:IsValid=true, Min=(X=5227.079 Y=2015.452 Z=2085.148), Max=(X=5257.292 Y=2129.492 Z=2329.618) RuntimeGrid:None EditorOnly:0 RuntimeOnly:0 HLODRelevant:1 ListedInSceneOutliner:1 IsMainWorldOnly:0 FolderPath:Hospital FolderGuid:5204D83D41E15664541782A249CD0BC1
 |   |   |- [+] [ 40]
 |   |   |   |- Guid:EE66F4454A4A9F99393F559AB739C05E BaseClass:/Game/FirstPerson/Blueprints/BP_Pickup_Rifle.BP_Pickup_Rifle_C NativeClass:/Script/Engine.Actor Name:BP_Rifle_C_1 Label:BP_Pickup_Rifle SpatiallyLoaded:1 Bounds:IsValid=true, Min=(X=-139341.845 Y=1672.000 Z=-6904.804), Max=(X=196705.840 Y=147807.447 Z=11704.109) RuntimeGrid:None EditorOnly:0 RuntimeOnly:0 HLODRelevant:0 ListedInSceneOutliner:1 IsMainWorldOnly:0 FolderPath:Other FolderGuid:99BADAF14F0AACD3D751F6933EC3889D
 |   |   |- [+] [ 41]
 |   |   |   |- Guid:F179E10D4E94A6BD96A682BE6C560B61 BaseClass: NativeClass:/Script/Engine.StaticMeshActor Name:StaticMeshActor_UAID_B025AA3A768150CF01_1463369842 Label:Viper_Gun_LowPoly_Main_Com SpatiallyLoaded:1 Bounds:IsValid=true, Min=(X=5680.000 Y=1597.000 Z=2167.000), Max=(X=5680.000 Y=1597.000 Z=2167.000) RuntimeGrid:None EditorOnly:0 RuntimeOnly:0 HLODRelevant:0 ListedInSceneOutliner:1 IsMainWorldOnly:0
 |   |   |- [+] [ 42]
 |   |   |   |- Guid:F7C5113E4C25458B870D74B39F194F5B BaseClass: NativeClass:/Script/Engine.StaticMeshActor Name:StaticMeshActor_UAID_B025AA3A768150CF01_1463401843 Label:Viper_Gun_LowPoly_Metal_Back SpatiallyLoaded:1 Bounds:IsValid=true, Min=(X=5680.000 Y=1597.000 Z=2167.000), Max=(X=5680.000 Y=1597.000 Z=2167.000) RuntimeGrid:None EditorOnly:0 RuntimeOnly:0 HLODRelevant:0 ListedInSceneOutliner:1 IsMainWorldOnly:0
 |   |   |- [+] [ 43]
 |   |   |   |- Guid:F80621C9446867154938FE81375207DA BaseClass: NativeClass:/Script/Engine.DirectionalLight Name:DirectionalLight_1 Label:DirectionalLight SpatiallyLoaded:0 Bounds:IsValid=true, Min=(X=-1048576.000 Y=-1048576.000 Z=-1048576.000), Max=(X=1048576.000 Y=1048576.000 Z=1048576.000) RuntimeGrid:None EditorOnly:0 RuntimeOnly:0 HLODRelevant:0 ListedInSceneOutliner:1 IsMainWorldOnly:0 FolderPath:Lighting FolderGuid:0BA5F0A04EADB18E70D5B180D08FA34B
 |   |   |- [+] [ 44]
 |   |   |   |- Guid:FB79BAD14294B05968AC0888E944B76E BaseClass: NativeClass:/Script/Engine.StaticMeshActor Name:StaticMeshActor_UAID_B025AA3A768150CF01_1463182836 Label:Viper_Gun_LowPoly_Flint SpatiallyLoaded:1 Bounds:IsValid=true, Min=(X=5680.000 Y=1597.000 Z=2167.000), Max=(X=5680.000 Y=1597.000 Z=2167.000) RuntimeGrid:None EditorOnly:0 RuntimeOnly:0 HLODRelevant:0 ListedInSceneOutliner:1 IsMainWorldOnly:0
 |   |   |- [+] [ 45]
 |   |   |   |- Guid:FCA390A5497E681CEB568FA6C8F60CD2 BaseClass: NativeClass:/Script/Engine.StaticMeshActor Name:StaticMeshActor_UAID_B025AA3A768150CF01_1463337841 Label:Viper_Gun_LowPoly_Left_Iron_Sight SpatiallyLoaded:1 Bounds:IsValid=true, Min=(X=5680.000 Y=1597.000 Z=2167.000), Max=(X=5680.000 Y=1597.000 Z=2167.000) RuntimeGrid:None EditorOnly:0 RuntimeOnly:0 HLODRelevant:0 ListedInSceneOutliner:1 IsMainWorldOnly:0
 |- ContainerInstances:
 |- [+] MainContainer:
 |   |-        ID: 00000000000000000000000000000000
 |   |-  ParentID: 00000000000000000000000000000000
 |   |-    Bounds: IsValid=false, Min=(X=0.000 Y=0.000 Z=0.000), Max=(X=0.000 Y=0.000 Z=0.000)
 |   |- Transform: 0.000000,0.000000,0.000000|0.000000,0.000000,-0.000000|1.000000,1.000000,1.000000
 |   |- Container: /Game/FirstPerson/Maps/FirstPersonMap
----------------------------------------------------------------------------------------------------------------
FirstPersonMap - Persistent Level
----------------------------------------------------------------------------------------------------------------
[+] Content of FirstPersonMap Persistent Level
 |- Always loaded Actor Count: 53 
 |- Actor Path: /Game/FirstPerson/Maps/FirstPersonMap.FirstPersonMap:PersistentLevel.AbstractNavData-Default
 |- Actor Package: /Game/FirstPerson/Maps/FirstPersonMap
 |- Actor Path: /Game/FirstPerson/Maps/FirstPersonMap.FirstPersonMap:PersistentLevel.BP_Rifle_C_1
 |- Actor Package: /Game/__ExternalActors__/FirstPerson/Maps/FirstPersonMap/5/8C/EAHCBN229IT8APJO305AH5
 |- Actor Path: /Game/FirstPerson/Maps/FirstPersonMap.FirstPersonMap:PersistentLevel.Brush_0
 |- Actor Package: /Game/FirstPerson/Maps/FirstPersonMap
 |- Actor Path: /Game/FirstPerson/Maps/FirstPersonMap.FirstPersonMap:PersistentLevel.DefaultPhysicsVolume_0
 |- Actor Package: /Game/FirstPerson/Maps/FirstPersonMap
 |- Actor Path: /Game/FirstPerson/Maps/FirstPersonMap.FirstPersonMap:PersistentLevel.DirectionalLight_1
 |- Actor Package: /Game/__ExternalActors__/FirstPerson/Maps/FirstPersonMap/0/WB/V4ALNTJYOVWM8BU452CKV5
 |- Actor Path: /Game/FirstPerson/Maps/FirstPersonMap.FirstPersonMap:PersistentLevel.ExponentialHeightFog_0
 |- Actor Package: /Game/__ExternalActors__/FirstPerson/Maps/FirstPersonMap/0/CL/381LM03PFI8AF9NED1SEV2
 |- Actor Path: /Game/FirstPerson/Maps/FirstPersonMap.FirstPersonMap:PersistentLevel.FirstPersonExampleMap_C_1
 |- Actor Package: /Game/FirstPerson/Maps/FirstPersonMap
 |- Actor Path: /Game/FirstPerson/Maps/FirstPersonMap.FirstPersonMap:PersistentLevel.GameplayDebuggerPlayerManager_0
 |- Actor Package: /Game/FirstPerson/Maps/FirstPersonMap
 |- Actor Path: /Game/FirstPerson/Maps/FirstPersonMap.FirstPersonMap:PersistentLevel.Hospital_02_low_door0_SM001_C_UAID_D8BBC1215F693DCF01_1082652488
 |- Actor Package: /Game/__ExternalActors__/FirstPerson/Maps/FirstPersonMap/4/6Y/H4X9OL6M0TJ6AXU45OTWPI
 |- Actor Path: /Game/FirstPerson/Maps/FirstPersonMap.FirstPersonMap:PersistentLevel.MetalDoor_C_UAID_D8BBC1215F692FCF01_1950702023
 |- Actor Package: /Game/__ExternalActors__/FirstPerson/Maps/FirstPersonMap/3/C6/SMV1OS96RKMR65ZMOTKPEY
 |- Actor Path: /Game/FirstPerson/Maps/FirstPersonMap.FirstPersonMap:PersistentLevel.NavMeshBoundsVolume_UAID_D8BBC1215F698AC401_1963711423
 |- Actor Package: /Game/__ExternalActors__/FirstPerson/Maps/FirstPersonMap/3/XO/IZG1Y6L40ABSQF80X8303M
 |- Actor Path: /Game/FirstPerson/Maps/FirstPersonMap.FirstPersonMap:PersistentLevel.NpcBP_C_UAID_D8BBC1215F698BC401_1131114607
 |- Actor Package: /Game/__ExternalActors__/FirstPerson/Maps/FirstPersonMap/4/WG/PS7U36L03RJI953RT25TV5
 |- Actor Path: /Game/FirstPerson/Maps/FirstPersonMap.FirstPersonMap:PersistentLevel.PlayerStart_UAID_D8BBC1215F692DCF01_1920311694
 |- Actor Package: /Game/__ExternalActors__/FirstPerson/Maps/FirstPersonMap/7/K6/PG56W1GZXZLK0HN2F2TKZC
 |- Actor Path: /Game/FirstPerson/Maps/FirstPersonMap.FirstPersonMap:PersistentLevel.PostProcessVolume_0
 |- Actor Package: /Game/__ExternalActors__/FirstPerson/Maps/FirstPersonMap/E/MX/R1GV431P5FDO08OFULRA01
 |- Actor Path: /Game/FirstPerson/Maps/FirstPersonMap.FirstPersonMap:PersistentLevel.RecastNavMesh_UAID_D8BBC1215F692ECF01-Default
 |- Actor Package: /Game/__ExternalActors__/FirstPerson/Maps/FirstPersonMap/6/55/MTPTED51364JZNYBOERLFD
 |- Actor Path: /Game/FirstPerson/Maps/FirstPersonMap.FirstPersonMap:PersistentLevel.SkyAtmosphere_0
 |- Actor Package: /Game/__ExternalActors__/FirstPerson/Maps/FirstPersonMap/C/VO/VMN4G7K3NKKV6F8HTPHHDB
 |- Actor Path: /Game/FirstPerson/Maps/FirstPersonMap.FirstPersonMap:PersistentLevel.SkyLight_0
 |- Actor Package: /Game/__ExternalActors__/FirstPerson/Maps/FirstPersonMap/6/0Z/5RQIHCZ9W3UXRGL4LTLQAK
 |- Actor Path: /Game/FirstPerson/Maps/FirstPersonMap.FirstPersonMap:PersistentLevel.StaticMeshActor_UAID_A4AE111137DC5EFB00_2001720423
 |- Actor Package: /Game/__ExternalActors__/FirstPerson/Maps/FirstPersonMap/C/ZU/PDQ0AB8RLNMVID876FD49G
 |- Actor Path: /Game/FirstPerson/Maps/FirstPersonMap.FirstPersonMap:PersistentLevel.StaticMeshActor_UAID_B025AA3A768150CF01_1462992831
 |- Actor Package: /Game/__ExternalActors__/FirstPerson/Maps/FirstPersonMap/9/YK/HL7XDJXKP53HV3QLV7GHYY
 |- Actor Path: /Game/FirstPerson/Maps/FirstPersonMap.FirstPersonMap:PersistentLevel.StaticMeshActor_UAID_B025AA3A768150CF01_1463039832
 |- Actor Package: /Game/__ExternalActors__/FirstPerson/Maps/FirstPersonMap/8/IC/J5HBJMSH6UZBOSLE481QQN
 |- Actor Path: /Game/FirstPerson/Maps/FirstPersonMap.FirstPersonMap:PersistentLevel.StaticMeshActor_UAID_B025AA3A768150CF01_1463077833
 |- Actor Package: /Game/__ExternalActors__/FirstPerson/Maps/FirstPersonMap/A/E9/H0EW5ISVUT0WFNZA7NJKPV
 |- Actor Path: /Game/FirstPerson/Maps/FirstPersonMap.FirstPersonMap:PersistentLevel.StaticMeshActor_UAID_B025AA3A768150CF01_1463116834
 |- Actor Package: /Game/__ExternalActors__/FirstPerson/Maps/FirstPersonMap/C/KJ/Y9Q0FMJ44525O7V976C6WG
 |- Actor Path: /Game/FirstPerson/Maps/FirstPersonMap.FirstPersonMap:PersistentLevel.StaticMeshActor_UAID_B025AA3A768150CF01_1463149835
 |- Actor Package: /Game/__ExternalActors__/FirstPerson/Maps/FirstPersonMap/B/IJ/SWKRYHBTGG6CZBF4ZCZ3LO
 |- Actor Path: /Game/FirstPerson/Maps/FirstPersonMap.FirstPersonMap:PersistentLevel.StaticMeshActor_UAID_B025AA3A768150CF01_1463182836
 |- Actor Package: /Game/__ExternalActors__/FirstPerson/Maps/FirstPersonMap/C/BD/HSPRS98WB4SQBQ2B69JO5D
 |- Actor Path: /Game/FirstPerson/Maps/FirstPersonMap.FirstPersonMap:PersistentLevel.StaticMeshActor_UAID_B025AA3A768150CF01_1463214837
 |- Actor Package: /Game/__ExternalActors__/FirstPerson/Maps/FirstPersonMap/E/0V/NHNKIQ07X2R6K845RANF4L
 |- Actor Path: /Game/FirstPerson/Maps/FirstPersonMap.FirstPersonMap:PersistentLevel.StaticMeshActor_UAID_B025AA3A768150CF01_1463245838
 |- Actor Package: /Game/__ExternalActors__/FirstPerson/Maps/FirstPersonMap/3/25/EZU9QLZ27QYTIHBKDOYS4L
 |- Actor Path: /Game/FirstPerson/Maps/FirstPersonMap.FirstPersonMap:PersistentLevel.StaticMeshActor_UAID_B025AA3A768150CF01_1463276839
 |- Actor Package: /Game/__ExternalActors__/FirstPerson/Maps/FirstPersonMap/B/UP/YQMTRHZFTISVC6NS93UFBM
 |- Actor Path: /Game/FirstPerson/Maps/FirstPersonMap.FirstPersonMap:PersistentLevel.StaticMeshActor_UAID_B025AA3A768150CF01_1463307840
 |- Actor Package: /Game/__ExternalActors__/FirstPerson/Maps/FirstPersonMap/3/SG/6J5RGZPO3CJPH9EZHBECM0
 |- Actor Path: /Game/FirstPerson/Maps/FirstPersonMap.FirstPersonMap:PersistentLevel.StaticMeshActor_UAID_B025AA3A768150CF01_1463337841
 |- Actor Package: /Game/__ExternalActors__/FirstPerson/Maps/FirstPersonMap/D/3E/F8E249SFU221N806CBWBH5
 |- Actor Path: /Game/FirstPerson/Maps/FirstPersonMap.FirstPersonMap:PersistentLevel.StaticMeshActor_UAID_B025AA3A768150CF01_1463369842
 |- Actor Package: /Game/__ExternalActors__/FirstPerson/Maps/FirstPersonMap/1/RY/IOLQNDHK8OM8SLEKM4UKHQ
 |- Actor Path: /Game/FirstPerson/Maps/FirstPersonMap.FirstPersonMap:PersistentLevel.StaticMeshActor_UAID_B025AA3A768150CF01_1463401843
 |- Actor Package: /Game/__ExternalActors__/FirstPerson/Maps/FirstPersonMap/9/S9/R0IF76JQDOXGDO367TDKZI
 |- Actor Path: /Game/FirstPerson/Maps/FirstPersonMap.FirstPersonMap:PersistentLevel.StaticMeshActor_UAID_B025AA3A768150CF01_1463432844
 |- Actor Package: /Game/__ExternalActors__/FirstPerson/Maps/FirstPersonMap/C/40/L5C35B5SO60RYVH5J2LQZI
 |- Actor Path: /Game/FirstPerson/Maps/FirstPersonMap.FirstPersonMap:PersistentLevel.StaticMeshActor_UAID_B025AA3A768150CF01_1463464845
 |- Actor Package: /Game/__ExternalActors__/FirstPerson/Maps/FirstPersonMap/D/K2/7OQIDL2EU2H2Z743I12W3Q
 |- Actor Path: /Game/FirstPerson/Maps/FirstPersonMap.FirstPersonMap:PersistentLevel.StaticMeshActor_UAID_B025AA3A768150CF01_1463495846
 |- Actor Package: /Game/__ExternalActors__/FirstPerson/Maps/FirstPersonMap/6/N2/5ESZGKIRFYDX6UV0B7JZT5
 |- Actor Path: /Game/FirstPerson/Maps/FirstPersonMap.FirstPersonMap:PersistentLevel.StaticMeshActor_UAID_B025AA3A768150CF01_1463525847
 |- Actor Package: /Game/__ExternalActors__/FirstPerson/Maps/FirstPersonMap/8/5K/CQWDNZDWBVOL06G5ZNMR6B
 |- Actor Path: /Game/FirstPerson/Maps/FirstPersonMap.FirstPersonMap:PersistentLevel.StaticMeshActor_UAID_B025AA3A768151CF01_1630975026
 |- Actor Package: /Game/__ExternalActors__/FirstPerson/Maps/FirstPersonMap/B/FF/QH8FWOFZ3I8GDV31K10TJ5
 |- Actor Path: /Game/FirstPerson/Maps/FirstPersonMap.FirstPersonMap:PersistentLevel.StaticMeshActor_UAID_B025AA3A768151CF01_1631010027
 |- Actor Package: /Game/__ExternalActors__/FirstPerson/Maps/FirstPersonMap/8/8I/KQ0HW2AI45SQJN98L06LK7
 |- Actor Path: /Game/FirstPerson/Maps/FirstPersonMap.FirstPersonMap:PersistentLevel.StaticMeshActor_UAID_B025AA3A768151CF01_1631041028
 |- Actor Package: /Game/__ExternalActors__/FirstPerson/Maps/FirstPersonMap/0/EE/8G0BWS1BYI86ZGIZ3R4QGW
 |- Actor Path: /Game/FirstPerson/Maps/FirstPersonMap.FirstPersonMap:PersistentLevel.StaticMeshActor_UAID_D8BBC1215F692CCF01_1572138506
 |- Actor Package: /Game/__ExternalActors__/FirstPerson/Maps/FirstPersonMap/2/4K/XLI1I62784I3COIAAWE6NM
 |- Actor Path: /Game/FirstPerson/Maps/FirstPersonMap.FirstPersonMap:PersistentLevel.StaticMeshActor_UAID_D8BBC1215F692CCF01_1572214507
 |- Actor Package: /Game/__ExternalActors__/FirstPerson/Maps/FirstPersonMap/F/50/Y4NZGAKIW10S6BB90HET70
 |- Actor Path: /Game/FirstPerson/Maps/FirstPersonMap.FirstPersonMap:PersistentLevel.StaticMeshActor_UAID_D8BBC1215F692CCF01_1572280508
 |- Actor Package: /Game/__ExternalActors__/FirstPerson/Maps/FirstPersonMap/9/6M/LKCD592ZK2NGKRL8C79AOT
 |- Actor Path: /Game/FirstPerson/Maps/FirstPersonMap.FirstPersonMap:PersistentLevel.StaticMeshActor_UAID_D8BBC1215F692CCF01_1572341509
 |- Actor Package: /Game/__ExternalActors__/FirstPerson/Maps/FirstPersonMap/5/1C/LDBUYSSH1P6JG7EDKQPARS
 |- Actor Path: /Game/FirstPerson/Maps/FirstPersonMap.FirstPersonMap:PersistentLevel.StaticMeshActor_UAID_D8BBC1215F692CCF01_1572398510
 |- Actor Package: /Game/__ExternalActors__/FirstPerson/Maps/FirstPersonMap/E/AW/Y755J0LFVACSNCBLBN7VMR
 |- Actor Path: /Game/FirstPerson/Maps/FirstPersonMap.FirstPersonMap:PersistentLevel.StaticMeshActor_UAID_D8BBC1215F692CCF01_1572454511
 |- Actor Package: /Game/__ExternalActors__/FirstPerson/Maps/FirstPersonMap/9/HK/TXMUFG8SYEXD8IHF8D3MK5
 |- Actor Path: /Game/FirstPerson/Maps/FirstPersonMap.FirstPersonMap:PersistentLevel.StaticMeshActor_UAID_D8BBC1215F692CCF01_1572511512
 |- Actor Package: /Game/__ExternalActors__/FirstPerson/Maps/FirstPersonMap/B/S3/74652DDRRI78DDTSLGRX5W
 |- Actor Path: /Game/FirstPerson/Maps/FirstPersonMap.FirstPersonMap:PersistentLevel.StaticMeshActor_UAID_D8BBC1215F692CCF01_1572578513
 |- Actor Package: /Game/__ExternalActors__/FirstPerson/Maps/FirstPersonMap/2/EF/6MI7TRR3GAW7Z4B42PLR8S
 |- Actor Path: /Game/FirstPerson/Maps/FirstPersonMap.FirstPersonMap:PersistentLevel.StaticMeshActor_UAID_D8BBC1215F692CCF01_1572630514
 |- Actor Package: /Game/__ExternalActors__/FirstPerson/Maps/FirstPersonMap/E/PA/Y82IQI36IPEVFEIZDA8M7W
 |- Actor Path: /Game/FirstPerson/Maps/FirstPersonMap.FirstPersonMap:PersistentLevel.StaticMeshActor_UAID_D8BBC1215F692CCF01_1572687515
 |- Actor Package: /Game/__ExternalActors__/FirstPerson/Maps/FirstPersonMap/4/66/DDAKGMO5EF1NWSLOTHJOA1
 |- Actor Path: /Game/FirstPerson/Maps/FirstPersonMap.FirstPersonMap:PersistentLevel.StaticMeshActor_UAID_D8BBC1215F692CCF01_1572742516
 |- Actor Package: /Game/__ExternalActors__/FirstPerson/Maps/FirstPersonMap/5/AO/Z7VN537J52WWNGRBFP4W8J
 |- Actor Path: /Game/FirstPerson/Maps/FirstPersonMap.FirstPersonMap:PersistentLevel.VolumetricCloud_0
 |- Actor Package: /Game/__ExternalActors__/FirstPerson/Maps/FirstPersonMap/0/GO/I8WEFD3RY9V3NVQLSU6QM4
 |- Actor Path: /Game/FirstPerson/Maps/FirstPersonMap.FirstPersonMap:PersistentLevel.WorldDataLayers
 |- Actor Package: /Game/__ExternalActors__/FirstPerson/Maps/FirstPersonMap/D/0W/E1FKEGVKGOLM7HGLQPCIPO
 |- Actor Path: /Game/FirstPerson/Maps/FirstPersonMap.FirstPersonMap:PersistentLevel.WorldInfo_0
 |- Actor Package: /Game/FirstPerson/Maps/FirstPersonMap
 |- Actor Path: /Game/FirstPerson/Maps/FirstPersonMap.FirstPersonMap:PersistentLevel.WorldPartitionMiniMap_0
 |- Actor Package: /Game/__ExternalActors__/FirstPerson/Maps/FirstPersonMap/4/CR/SRVPLA8UNZ8XIIP0E036DI

----------------------------------------------------------------------------------------------------------------
FirstPersonMap - Runtime Spatial Hash - Streaming Grid - MainGrid
----------------------------------------------------------------------------------------------------------------
            Origin: X=0.000 Y=0.000 Z=0.000
         Cell Size: 12800
      World Bounds: IsValid=false, Min=(X=0.000 Y=0.000 Z=0.000), Max=(X=0.000 Y=0.000 Z=0.000)
     Loading Range: 25600.00
Block Slow Loading: No
 ClientOnlyVisible: No
            Origin: X=0.000 Y=0.000 Z=0.000

[+] Grid Levels: 1
 |- Level  0: Cell Count    0 | Cell Size   12800 | Actor Count    0 (0.0%)

[+] Content of Grid Level 0

